[1608404415.339][INFO]: Starting ChromeDriver 87.0.4280.88 (89e2380a3e36c3464b5dd1302349b1382549290d-refs/branch-heads/4280@{#1761}) on port 14014
[1608404415.339][INFO]: Please see https://chromedriver.chromium.org/security-considerations for suggestions on keeping ChromeDriver safe.
[1608404415.954][INFO]: [dc28f0136082756951ce00984a8b64a8] COMMAND InitSession {
   "capabilities": {
      "firstMatch": [ {
         "acceptInsecureCerts": true,
         "browserName": "chrome",
         "goog:chromeOptions": {
            "args": [ "--proxy-bypass-list=\u003C-loopback>", "--disable-dev-shm-usage" ],
            "excludeSwitches": [ "enable-automation", "load-extension" ],
            "extensions": [  ],
            "prefs": {
               "credentials_enable_service": false,
               "download.default_directory": "/Users/fromatob/Desktop/Komoot/build/downloads/1608404414095_89628_1",
               "plugins.always_open_pdf_externally": true
            }
         },
         "pageLoadStrategy": "normal"
      } ]
   },
   "desiredCapabilities": {
      "acceptInsecureCerts": true,
      "acceptSslCerts": true,
      "browserName": "chrome",
      "goog:chromeOptions": {
         "args": [ "--proxy-bypass-list=\u003C-loopback>", "--disable-dev-shm-usage" ],
         "excludeSwitches": [ "enable-automation", "load-extension" ],
         "extensions": [  ],
         "prefs": {
            "credentials_enable_service": false,
            "download.default_directory": "/Users/fromatob/Desktop/Komoot/build/downloads/1608404414095_89628_1",
            "plugins.always_open_pdf_externally": true
         }
      },
      "handlesAlerts": true,
      "javascriptEnabled": true,
      "pageLoadStrategy": "normal",
      "takesScreenshot": true
   }
}
[1608404415.958][INFO]: Populating Preferences file: {
   "alternate_error_pages": {
      "enabled": false
   },
   "autofill": {
      "enabled": false
   },
   "browser": {
      "check_default_browser": false
   },
   "credentials_enable_service": false,
   "distribution": {
      "import_bookmarks": false,
      "import_history": false,
      "import_search_engine": false,
      "make_chrome_default_for_user": false,
      "skip_first_run_ui": true
   },
   "dns_prefetching": {
      "enabled": false
   },
   "download": {
      "default_directory": "/Users/fromatob/Desktop/Komoot/build/downloads/1608404414095_89628_1"
   },
   "plugins": {
      "always_open_pdf_externally": true
   },
   "profile": {
      "content_settings": {
         "pattern_pairs": {
            "https://*,*": {
               "media-stream": {
                  "audio": "Default",
                  "video": "Default"
               }
            }
         }
      },
      "default_content_setting_values": {
         "geolocation": 1
      },
      "default_content_settings": {
         "geolocation": 1,
         "mouselock": 1,
         "notifications": 1,
         "popups": 1,
         "ppapi-broker": 1
      },
      "password_manager_enabled": false
   },
   "safebrowsing": {
      "enabled": false
   },
   "search": {
      "suggest_enabled": false
   },
   "translate": {
      "enabled": false
   }
}
[1608404415.958][INFO]: Populating Local State file: {
   "background_mode": {
      "enabled": false
   },
   "ssl": {
      "rev_checking": {
         "enabled": false
      }
   }
}
[1608404415.959][INFO]: Launching chrome: /Applications/Google Chrome.app/Contents/MacOS/Google Chrome --disable-background-networking --disable-client-side-phishing-detection --disable-default-apps --disable-dev-shm-usage --disable-hang-monitor --disable-popup-blocking --disable-prompt-on-repost --disable-sync --enable-blink-features=ShadowDOMV0 --enable-logging --ignore-certificate-errors --log-level=0 --no-first-run --no-service-autorun --password-store=basic --proxy-bypass-list=<-loopback> --remote-debugging-port=0 --test-type=webdriver --use-mock-keychain --user-data-dir=/var/folders/zz/7jtc3nnd5734sl33gwllk6m80000gn/T/.com.google.Chrome.GYNqfp data:,
[1608404417.842][INFO]: resolved localhost to ["::1","127.0.0.1"]
[1608404417.883][INFO]: resolved localhost to ["::1","127.0.0.1"]
[1608404418.249][INFO]: [dc28f0136082756951ce00984a8b64a8] RESPONSE InitSession {
   "capabilities": {
      "acceptInsecureCerts": true,
      "browserName": "chrome",
      "browserVersion": "87.0.4280.88",
      "chrome": {
         "chromedriverVersion": "87.0.4280.88 (89e2380a3e36c3464b5dd1302349b1382549290d-refs/branch-heads/4280@{#1761})",
         "userDataDir": "/var/folders/zz/7jtc3nnd5734sl33gwllk6m80000gn/T/.com.google.Chrome.GYNqfp"
      },
      "goog:chromeOptions": {
         "debuggerAddress": "localhost:54870"
      },
      "networkConnectionEnabled": false,
      "pageLoadStrategy": "normal",
      "platformName": "mac os x",
      "proxy": {

      },
      "setWindowRect": true,
      "strictFileInteractability": false,
      "timeouts": {
         "implicit": 0,
         "pageLoad": 300000,
         "script": 30000
      },
      "unhandledPromptBehavior": "dismiss and notify",
      "webauthn:virtualAuthenticators": true
   },
   "sessionId": "dc28f0136082756951ce00984a8b64a8"
}
[1608404418.363][INFO]: [dc28f0136082756951ce00984a8b64a8] COMMAND MaximizeWindow {

}
[1608404418.364][INFO]: Waiting for pending navigations...
[1608404418.365][INFO]: Done waiting for pending navigations. Status: ok
[1608404418.487][INFO]: Waiting for pending navigations...
[1608404418.488][INFO]: Done waiting for pending navigations. Status: ok
[1608404418.488][INFO]: [dc28f0136082756951ce00984a8b64a8] RESPONSE MaximizeWindow {
   "height": 777,
   "width": 1280,
   "x": 0,
   "y": 23
}
[1608404418.512][INFO]: [dc28f0136082756951ce00984a8b64a8] COMMAND Navigate {
   "url": "https://komoot.com/"
}
[1608404418.512][INFO]: Waiting for pending navigations...
[1608404418.513][INFO]: Done waiting for pending navigations. Status: ok
[1608404420.101][INFO]: Waiting for pending navigations...
[1608404421.646][INFO]: Done waiting for pending navigations. Status: ok
[1608404421.646][INFO]: [dc28f0136082756951ce00984a8b64a8] RESPONSE Navigate
[1608404421.650][INFO]: [dc28f0136082756951ce00984a8b64a8] COMMAND GetTitle {

}
[1608404421.650][INFO]: Waiting for pending navigations...
[1608404421.660][INFO]: Done waiting for pending navigations. Status: ok
[1608404421.668][INFO]: Waiting for pending navigations...
[1608404421.670][INFO]: Done waiting for pending navigations. Status: ok
[1608404421.670][INFO]: [dc28f0136082756951ce00984a8b64a8] RESPONSE GetTitle "Komoot | Everything You Need To Explore More of the Great Outdoors"
[1608404421.674][INFO]: [dc28f0136082756951ce00984a8b64a8] COMMAND Navigate {
   "url": "https://komoot.com/"
}
[1608404421.674][INFO]: Waiting for pending navigations...
[1608404421.674][INFO]: Done waiting for pending navigations. Status: ok
[1608404423.822][INFO]: Waiting for pending navigations...
[1608404424.304][INFO]: Done waiting for pending navigations. Status: ok
[1608404424.304][INFO]: [dc28f0136082756951ce00984a8b64a8] RESPONSE Navigate
[1608404424.309][INFO]: [dc28f0136082756951ce00984a8b64a8] COMMAND DeleteAllCookies {

}
[1608404424.309][INFO]: Waiting for pending navigations...
[1608404424.310][INFO]: Done waiting for pending navigations. Status: ok
[1608404424.357][INFO]: Waiting for pending navigations...
[1608404424.368][INFO]: Done waiting for pending navigations. Status: ok
[1608404424.368][INFO]: [dc28f0136082756951ce00984a8b64a8] RESPONSE DeleteAllCookies
[1608404425.164][INFO]: [dc28f0136082756951ce00984a8b64a8] COMMAND Quit {

}
[1608404425.266][INFO]: [dc28f0136082756951ce00984a8b64a8] RESPONSE Quit
