[1608403569.534][INFO]: Starting ChromeDriver 87.0.4280.88 (89e2380a3e36c3464b5dd1302349b1382549290d-refs/branch-heads/4280@{#1761}) on port 29114
[1608403569.534][INFO]: Please see https://chromedriver.chromium.org/security-considerations for suggestions on keeping ChromeDriver safe.
[1608403570.100][INFO]: [e794492ab401f30228595ffb22ed2dd6] COMMAND InitSession {
   "capabilities": {
      "firstMatch": [ {
         "acceptInsecureCerts": true,
         "browserName": "chrome",
         "goog:chromeOptions": {
            "args": [ "--proxy-bypass-list=\u003C-loopback>", "--disable-dev-shm-usage" ],
            "excludeSwitches": [ "enable-automation", "load-extension" ],
            "extensions": [  ],
            "prefs": {
               "credentials_enable_service": false,
               "download.default_directory": "/Users/fromatob/Desktop/Komoot/build/downloads/1608403568509_89478_1",
               "plugins.always_open_pdf_externally": true
            }
         },
         "pageLoadStrategy": "normal"
      } ]
   },
   "desiredCapabilities": {
      "acceptInsecureCerts": true,
      "acceptSslCerts": true,
      "browserName": "chrome",
      "goog:chromeOptions": {
         "args": [ "--proxy-bypass-list=\u003C-loopback>", "--disable-dev-shm-usage" ],
         "excludeSwitches": [ "enable-automation", "load-extension" ],
         "extensions": [  ],
         "prefs": {
            "credentials_enable_service": false,
            "download.default_directory": "/Users/fromatob/Desktop/Komoot/build/downloads/1608403568509_89478_1",
            "plugins.always_open_pdf_externally": true
         }
      },
      "handlesAlerts": true,
      "javascriptEnabled": true,
      "pageLoadStrategy": "normal",
      "takesScreenshot": true
   }
}
[1608403570.104][INFO]: Populating Preferences file: {
   "alternate_error_pages": {
      "enabled": false
   },
   "autofill": {
      "enabled": false
   },
   "browser": {
      "check_default_browser": false
   },
   "credentials_enable_service": false,
   "distribution": {
      "import_bookmarks": false,
      "import_history": false,
      "import_search_engine": false,
      "make_chrome_default_for_user": false,
      "skip_first_run_ui": true
   },
   "dns_prefetching": {
      "enabled": false
   },
   "download": {
      "default_directory": "/Users/fromatob/Desktop/Komoot/build/downloads/1608403568509_89478_1"
   },
   "plugins": {
      "always_open_pdf_externally": true
   },
   "profile": {
      "content_settings": {
         "pattern_pairs": {
            "https://*,*": {
               "media-stream": {
                  "audio": "Default",
                  "video": "Default"
               }
            }
         }
      },
      "default_content_setting_values": {
         "geolocation": 1
      },
      "default_content_settings": {
         "geolocation": 1,
         "mouselock": 1,
         "notifications": 1,
         "popups": 1,
         "ppapi-broker": 1
      },
      "password_manager_enabled": false
   },
   "safebrowsing": {
      "enabled": false
   },
   "search": {
      "suggest_enabled": false
   },
   "translate": {
      "enabled": false
   }
}
[1608403570.104][INFO]: Populating Local State file: {
   "background_mode": {
      "enabled": false
   },
   "ssl": {
      "rev_checking": {
         "enabled": false
      }
   }
}
[1608403570.104][INFO]: Launching chrome: /Applications/Google Chrome.app/Contents/MacOS/Google Chrome --disable-background-networking --disable-client-side-phishing-detection --disable-default-apps --disable-dev-shm-usage --disable-hang-monitor --disable-popup-blocking --disable-prompt-on-repost --disable-sync --enable-blink-features=ShadowDOMV0 --enable-logging --ignore-certificate-errors --log-level=0 --no-first-run --no-service-autorun --password-store=basic --proxy-bypass-list=<-loopback> --remote-debugging-port=0 --test-type=webdriver --use-mock-keychain --user-data-dir=/var/folders/zz/7jtc3nnd5734sl33gwllk6m80000gn/T/.com.google.Chrome.UYdQvb data:,
[1608403571.957][INFO]: resolved localhost to ["::1","127.0.0.1"]
[1608403571.977][INFO]: resolved localhost to ["::1","127.0.0.1"]
[1608403572.192][INFO]: [e794492ab401f30228595ffb22ed2dd6] RESPONSE InitSession {
   "capabilities": {
      "acceptInsecureCerts": true,
      "browserName": "chrome",
      "browserVersion": "87.0.4280.88",
      "chrome": {
         "chromedriverVersion": "87.0.4280.88 (89e2380a3e36c3464b5dd1302349b1382549290d-refs/branch-heads/4280@{#1761})",
         "userDataDir": "/var/folders/zz/7jtc3nnd5734sl33gwllk6m80000gn/T/.com.google.Chrome.UYdQvb"
      },
      "goog:chromeOptions": {
         "debuggerAddress": "localhost:51345"
      },
      "networkConnectionEnabled": false,
      "pageLoadStrategy": "normal",
      "platformName": "mac os x",
      "proxy": {

      },
      "setWindowRect": true,
      "strictFileInteractability": false,
      "timeouts": {
         "implicit": 0,
         "pageLoad": 300000,
         "script": 30000
      },
      "unhandledPromptBehavior": "dismiss and notify",
      "webauthn:virtualAuthenticators": true
   },
   "sessionId": "e794492ab401f30228595ffb22ed2dd6"
}
[1608403572.440][INFO]: [e794492ab401f30228595ffb22ed2dd6] COMMAND MaximizeWindow {

}
[1608403572.440][INFO]: Waiting for pending navigations...
[1608403572.442][INFO]: Done waiting for pending navigations. Status: ok
[1608403572.565][INFO]: Waiting for pending navigations...
[1608403572.566][INFO]: Done waiting for pending navigations. Status: ok
[1608403572.566][INFO]: [e794492ab401f30228595ffb22ed2dd6] RESPONSE MaximizeWindow {
   "height": 777,
   "width": 1280,
   "x": 0,
   "y": 23
}
[1608403572.587][INFO]: [e794492ab401f30228595ffb22ed2dd6] COMMAND Navigate {
   "url": "https://www.komoot.com/"
}
[1608403572.587][INFO]: Waiting for pending navigations...
[1608403572.588][INFO]: Done waiting for pending navigations. Status: ok
[1608403574.583][INFO]: Waiting for pending navigations...
[1608403575.968][INFO]: Done waiting for pending navigations. Status: ok
[1608403575.968][INFO]: [e794492ab401f30228595ffb22ed2dd6] RESPONSE Navigate
[1608403575.971][INFO]: [e794492ab401f30228595ffb22ed2dd6] COMMAND GetTitle {

}
[1608403575.971][INFO]: Waiting for pending navigations...
[1608403575.985][INFO]: Done waiting for pending navigations. Status: ok
[1608403575.987][INFO]: Waiting for pending navigations...
[1608403575.988][INFO]: Done waiting for pending navigations. Status: ok
[1608403575.988][INFO]: [e794492ab401f30228595ffb22ed2dd6] RESPONSE GetTitle "Komoot | Everything You Need To Explore More of the Great Outdoors"
[1608403575.992][INFO]: [e794492ab401f30228595ffb22ed2dd6] COMMAND Navigate {
   "url": "https://www.komoot.com/"
}
[1608403575.992][INFO]: Waiting for pending navigations...
[1608403575.996][INFO]: Done waiting for pending navigations. Status: ok
[1608403578.316][INFO]: Waiting for pending navigations...
[1608403578.912][INFO]: Done waiting for pending navigations. Status: ok
[1608403578.912][INFO]: [e794492ab401f30228595ffb22ed2dd6] RESPONSE Navigate
[1608403578.917][INFO]: [e794492ab401f30228595ffb22ed2dd6] COMMAND DeleteAllCookies {

}
[1608403578.917][INFO]: Waiting for pending navigations...
[1608403578.921][INFO]: Done waiting for pending navigations. Status: ok
[1608403578.970][INFO]: Waiting for pending navigations...
[1608403578.975][INFO]: Done waiting for pending navigations. Status: ok
[1608403578.975][INFO]: [e794492ab401f30228595ffb22ed2dd6] RESPONSE DeleteAllCookies
[1608403579.714][INFO]: [e794492ab401f30228595ffb22ed2dd6] COMMAND Quit {

}
[1608403579.814][INFO]: [e794492ab401f30228595ffb22ed2dd6] RESPONSE Quit
