[1608464539.912][INFO]: Starting ChromeDriver 87.0.4280.88 (89e2380a3e36c3464b5dd1302349b1382549290d-refs/branch-heads/4280@{#1761}) on port 43330
[1608464539.913][INFO]: Please see https://chromedriver.chromium.org/security-considerations for suggestions on keeping ChromeDriver safe.
[1608464540.521][INFO]: [7972d58fbcb3a4e1e446bc7d15372de2] COMMAND InitSession {
   "capabilities": {
      "firstMatch": [ {
         "acceptInsecureCerts": true,
         "browserName": "chrome",
         "goog:chromeOptions": {
            "args": [ "--proxy-bypass-list=\u003C-loopback>", "--disable-dev-shm-usage" ],
            "excludeSwitches": [ "enable-automation", "load-extension" ],
            "extensions": [  ],
            "prefs": {
               "credentials_enable_service": false,
               "download.default_directory": "/Users/fromatob/Desktop/Komoot/build/downloads/1608464538743_91900_1",
               "plugins.always_open_pdf_externally": true
            }
         },
         "pageLoadStrategy": "normal"
      } ]
   },
   "desiredCapabilities": {
      "acceptInsecureCerts": true,
      "acceptSslCerts": true,
      "browserName": "chrome",
      "goog:chromeOptions": {
         "args": [ "--proxy-bypass-list=\u003C-loopback>", "--disable-dev-shm-usage" ],
         "excludeSwitches": [ "enable-automation", "load-extension" ],
         "extensions": [  ],
         "prefs": {
            "credentials_enable_service": false,
            "download.default_directory": "/Users/fromatob/Desktop/Komoot/build/downloads/1608464538743_91900_1",
            "plugins.always_open_pdf_externally": true
         }
      },
      "handlesAlerts": true,
      "javascriptEnabled": true,
      "pageLoadStrategy": "normal",
      "takesScreenshot": true
   }
}
[1608464540.525][INFO]: Populating Preferences file: {
   "alternate_error_pages": {
      "enabled": false
   },
   "autofill": {
      "enabled": false
   },
   "browser": {
      "check_default_browser": false
   },
   "credentials_enable_service": false,
   "distribution": {
      "import_bookmarks": false,
      "import_history": false,
      "import_search_engine": false,
      "make_chrome_default_for_user": false,
      "skip_first_run_ui": true
   },
   "dns_prefetching": {
      "enabled": false
   },
   "download": {
      "default_directory": "/Users/fromatob/Desktop/Komoot/build/downloads/1608464538743_91900_1"
   },
   "plugins": {
      "always_open_pdf_externally": true
   },
   "profile": {
      "content_settings": {
         "pattern_pairs": {
            "https://*,*": {
               "media-stream": {
                  "audio": "Default",
                  "video": "Default"
               }
            }
         }
      },
      "default_content_setting_values": {
         "geolocation": 1
      },
      "default_content_settings": {
         "geolocation": 1,
         "mouselock": 1,
         "notifications": 1,
         "popups": 1,
         "ppapi-broker": 1
      },
      "password_manager_enabled": false
   },
   "safebrowsing": {
      "enabled": false
   },
   "search": {
      "suggest_enabled": false
   },
   "translate": {
      "enabled": false
   }
}
[1608464540.525][INFO]: Populating Local State file: {
   "background_mode": {
      "enabled": false
   },
   "ssl": {
      "rev_checking": {
         "enabled": false
      }
   }
}
[1608464540.526][INFO]: Launching chrome: /Applications/Google Chrome.app/Contents/MacOS/Google Chrome --disable-background-networking --disable-client-side-phishing-detection --disable-default-apps --disable-dev-shm-usage --disable-hang-monitor --disable-popup-blocking --disable-prompt-on-repost --disable-sync --enable-blink-features=ShadowDOMV0 --enable-logging --ignore-certificate-errors --log-level=0 --no-first-run --no-service-autorun --password-store=basic --proxy-bypass-list=<-loopback> --remote-debugging-port=0 --test-type=webdriver --use-mock-keychain --user-data-dir=/var/folders/zz/7jtc3nnd5734sl33gwllk6m80000gn/T/.com.google.Chrome.pxJNQb data:,
[1608464541.939][INFO]: resolved localhost to ["::1","127.0.0.1"]
[1608464541.949][INFO]: resolved localhost to ["::1","127.0.0.1"]
[1608464542.005][INFO]: [7972d58fbcb3a4e1e446bc7d15372de2] RESPONSE InitSession {
   "capabilities": {
      "acceptInsecureCerts": true,
      "browserName": "chrome",
      "browserVersion": "87.0.4280.88",
      "chrome": {
         "chromedriverVersion": "87.0.4280.88 (89e2380a3e36c3464b5dd1302349b1382549290d-refs/branch-heads/4280@{#1761})",
         "userDataDir": "/var/folders/zz/7jtc3nnd5734sl33gwllk6m80000gn/T/.com.google.Chrome.pxJNQb"
      },
      "goog:chromeOptions": {
         "debuggerAddress": "localhost:61131"
      },
      "networkConnectionEnabled": false,
      "pageLoadStrategy": "normal",
      "platformName": "mac os x",
      "proxy": {

      },
      "setWindowRect": true,
      "strictFileInteractability": false,
      "timeouts": {
         "implicit": 0,
         "pageLoad": 300000,
         "script": 30000
      },
      "unhandledPromptBehavior": "dismiss and notify",
      "webauthn:virtualAuthenticators": true
   },
   "sessionId": "7972d58fbcb3a4e1e446bc7d15372de2"
}
[1608464542.335][INFO]: [7972d58fbcb3a4e1e446bc7d15372de2] COMMAND MaximizeWindow {

}
[1608464542.335][INFO]: Waiting for pending navigations...
[1608464542.336][INFO]: Done waiting for pending navigations. Status: ok
[1608464542.465][INFO]: Waiting for pending navigations...
[1608464542.467][INFO]: Done waiting for pending navigations. Status: ok
[1608464542.467][INFO]: [7972d58fbcb3a4e1e446bc7d15372de2] RESPONSE MaximizeWindow {
   "height": 777,
   "width": 1280,
   "x": 0,
   "y": 23
}
[1608464542.489][INFO]: [7972d58fbcb3a4e1e446bc7d15372de2] COMMAND Navigate {
   "url": "https://komoot.com/"
}
[1608464542.489][INFO]: Waiting for pending navigations...
[1608464542.489][INFO]: Done waiting for pending navigations. Status: ok
[1608464543.761][INFO]: Waiting for pending navigations...
[1608464544.962][INFO]: Done waiting for pending navigations. Status: ok
[1608464544.962][INFO]: [7972d58fbcb3a4e1e446bc7d15372de2] RESPONSE Navigate
[1608464549.203][INFO]: [7972d58fbcb3a4e1e446bc7d15372de2] COMMAND Quit {

}
[1608464549.329][INFO]: [7972d58fbcb3a4e1e446bc7d15372de2] RESPONSE Quit
