[1608402853.667][INFO]: Starting ChromeDriver 87.0.4280.88 (89e2380a3e36c3464b5dd1302349b1382549290d-refs/branch-heads/4280@{#1761}) on port 9789
[1608402853.667][INFO]: Please see https://chromedriver.chromium.org/security-considerations for suggestions on keeping ChromeDriver safe.
[1608402854.335][INFO]: [cb1a29e8ee48158d57088e0a2409a5b1] COMMAND InitSession {
   "capabilities": {
      "firstMatch": [ {
         "acceptInsecureCerts": true,
         "browserName": "chrome",
         "goog:chromeOptions": {
            "args": [ "--proxy-bypass-list=\u003C-loopback>", "--disable-dev-shm-usage" ],
            "excludeSwitches": [ "enable-automation", "load-extension" ],
            "extensions": [  ],
            "prefs": {
               "credentials_enable_service": false,
               "download.default_directory": "/Users/fromatob/Desktop/Komoot/build/downloads/1608402852407_89306_1",
               "plugins.always_open_pdf_externally": true
            }
         },
         "pageLoadStrategy": "normal"
      } ]
   },
   "desiredCapabilities": {
      "acceptInsecureCerts": true,
      "acceptSslCerts": true,
      "browserName": "chrome",
      "goog:chromeOptions": {
         "args": [ "--proxy-bypass-list=\u003C-loopback>", "--disable-dev-shm-usage" ],
         "excludeSwitches": [ "enable-automation", "load-extension" ],
         "extensions": [  ],
         "prefs": {
            "credentials_enable_service": false,
            "download.default_directory": "/Users/fromatob/Desktop/Komoot/build/downloads/1608402852407_89306_1",
            "plugins.always_open_pdf_externally": true
         }
      },
      "handlesAlerts": true,
      "javascriptEnabled": true,
      "pageLoadStrategy": "normal",
      "takesScreenshot": true
   }
}
[1608402854.339][INFO]: Populating Preferences file: {
   "alternate_error_pages": {
      "enabled": false
   },
   "autofill": {
      "enabled": false
   },
   "browser": {
      "check_default_browser": false
   },
   "credentials_enable_service": false,
   "distribution": {
      "import_bookmarks": false,
      "import_history": false,
      "import_search_engine": false,
      "make_chrome_default_for_user": false,
      "skip_first_run_ui": true
   },
   "dns_prefetching": {
      "enabled": false
   },
   "download": {
      "default_directory": "/Users/fromatob/Desktop/Komoot/build/downloads/1608402852407_89306_1"
   },
   "plugins": {
      "always_open_pdf_externally": true
   },
   "profile": {
      "content_settings": {
         "pattern_pairs": {
            "https://*,*": {
               "media-stream": {
                  "audio": "Default",
                  "video": "Default"
               }
            }
         }
      },
      "default_content_setting_values": {
         "geolocation": 1
      },
      "default_content_settings": {
         "geolocation": 1,
         "mouselock": 1,
         "notifications": 1,
         "popups": 1,
         "ppapi-broker": 1
      },
      "password_manager_enabled": false
   },
   "safebrowsing": {
      "enabled": false
   },
   "search": {
      "suggest_enabled": false
   },
   "translate": {
      "enabled": false
   }
}
[1608402854.339][INFO]: Populating Local State file: {
   "background_mode": {
      "enabled": false
   },
   "ssl": {
      "rev_checking": {
         "enabled": false
      }
   }
}
[1608402854.340][INFO]: Launching chrome: /Applications/Google Chrome.app/Contents/MacOS/Google Chrome --disable-background-networking --disable-client-side-phishing-detection --disable-default-apps --disable-dev-shm-usage --disable-hang-monitor --disable-popup-blocking --disable-prompt-on-repost --disable-sync --enable-blink-features=ShadowDOMV0 --enable-logging --ignore-certificate-errors --log-level=0 --no-first-run --no-service-autorun --password-store=basic --proxy-bypass-list=<-loopback> --remote-debugging-port=0 --test-type=webdriver --use-mock-keychain --user-data-dir=/var/folders/zz/7jtc3nnd5734sl33gwllk6m80000gn/T/.com.google.Chrome.T5U1LG data:,
[1608402855.841][INFO]: resolved localhost to ["::1","127.0.0.1"]
[1608402855.866][INFO]: resolved localhost to ["::1","127.0.0.1"]
[1608402855.888][INFO]: [cb1a29e8ee48158d57088e0a2409a5b1] RESPONSE InitSession {
   "capabilities": {
      "acceptInsecureCerts": true,
      "browserName": "chrome",
      "browserVersion": "87.0.4280.88",
      "chrome": {
         "chromedriverVersion": "87.0.4280.88 (89e2380a3e36c3464b5dd1302349b1382549290d-refs/branch-heads/4280@{#1761})",
         "userDataDir": "/var/folders/zz/7jtc3nnd5734sl33gwllk6m80000gn/T/.com.google.Chrome.T5U1LG"
      },
      "goog:chromeOptions": {
         "debuggerAddress": "localhost:64592"
      },
      "networkConnectionEnabled": false,
      "pageLoadStrategy": "normal",
      "platformName": "mac os x",
      "proxy": {

      },
      "setWindowRect": true,
      "strictFileInteractability": false,
      "timeouts": {
         "implicit": 0,
         "pageLoad": 300000,
         "script": 30000
      },
      "unhandledPromptBehavior": "dismiss and notify",
      "webauthn:virtualAuthenticators": true
   },
   "sessionId": "cb1a29e8ee48158d57088e0a2409a5b1"
}
[1608402856.086][INFO]: [cb1a29e8ee48158d57088e0a2409a5b1] COMMAND MaximizeWindow {

}
[1608402856.086][INFO]: Waiting for pending navigations...
[1608402856.093][INFO]: Done waiting for pending navigations. Status: ok
[1608402856.245][INFO]: Waiting for pending navigations...
[1608402856.248][INFO]: Done waiting for pending navigations. Status: ok
[1608402856.248][INFO]: [cb1a29e8ee48158d57088e0a2409a5b1] RESPONSE MaximizeWindow {
   "height": 777,
   "width": 1280,
   "x": 0,
   "y": 23
}
[1608402856.296][INFO]: [cb1a29e8ee48158d57088e0a2409a5b1] COMMAND Navigate {
   "url": "https://www.komoot.com/"
}
[1608402856.296][INFO]: Waiting for pending navigations...
[1608402856.299][INFO]: Done waiting for pending navigations. Status: ok
[1608402857.229][INFO]: Waiting for pending navigations...
[1608402858.507][INFO]: Done waiting for pending navigations. Status: ok
[1608402858.507][INFO]: [cb1a29e8ee48158d57088e0a2409a5b1] RESPONSE Navigate
[1608402858.510][INFO]: [cb1a29e8ee48158d57088e0a2409a5b1] COMMAND GetTitle {

}
[1608402858.510][INFO]: Waiting for pending navigations...
[1608402858.519][INFO]: Done waiting for pending navigations. Status: ok
[1608402858.526][INFO]: Waiting for pending navigations...
[1608402858.526][INFO]: Done waiting for pending navigations. Status: ok
[1608402858.526][INFO]: [cb1a29e8ee48158d57088e0a2409a5b1] RESPONSE GetTitle "Komoot | Everything You Need To Explore More of the Great Outdoors"
[1608402858.531][INFO]: [cb1a29e8ee48158d57088e0a2409a5b1] COMMAND Navigate {
   "url": "https://www.komoot.com/"
}
[1608402858.531][INFO]: Waiting for pending navigations...
[1608402858.532][INFO]: Done waiting for pending navigations. Status: ok
[1608402859.735][INFO]: Waiting for pending navigations...
[1608402860.226][INFO]: Done waiting for pending navigations. Status: ok
[1608402860.226][INFO]: [cb1a29e8ee48158d57088e0a2409a5b1] RESPONSE Navigate
[1608402860.229][INFO]: [cb1a29e8ee48158d57088e0a2409a5b1] COMMAND DeleteAllCookies {

}
[1608402860.229][INFO]: Waiting for pending navigations...
[1608402860.248][INFO]: Done waiting for pending navigations. Status: ok
[1608402860.811][INFO]: Waiting for pending navigations...
[1608402861.059][INFO]: Done waiting for pending navigations. Status: ok
[1608402861.059][INFO]: [cb1a29e8ee48158d57088e0a2409a5b1] RESPONSE DeleteAllCookies
[1608402861.499][INFO]: [cb1a29e8ee48158d57088e0a2409a5b1] COMMAND Quit {

}
[1608402861.618][INFO]: [cb1a29e8ee48158d57088e0a2409a5b1] RESPONSE Quit
